<?xml version="1.0" encoding="UTF-8"?>
<!-- Generated by org.testng.reporters.JUnitXMLReporter -->
<testsuite ignored="4" hostname="LAPTOP-3BL16AQ1" failures="0" tests="1" name="Default test" time="7.471" errors="0" timestamp="2023-11-20T07:38:07 IST">
  <testcase classname="Tests.LoginAndLogoutTest" name="clickLogin" time="2.224"/>
  <testcase classname="Tests.LoginAndLogoutTest" name="enterUsername" time="0.0">
    <ignored/>
  </testcase> <!-- enterUsername -->
  <testcase classname="Tests.LoginAndLogoutTest" name="click_PaulCoolings" time="0.0">
    <ignored/>
  </testcase> <!-- click_PaulCoolings -->
  <testcase classname="Tests.LoginAndLogoutTest" name="click_Logout" time="0.0">
    <ignored/>
  </testcase> <!-- click_Logout -->
  <testcase classname="Tests.LoginAndLogoutTest" name="enterPassword" time="0.0">
    <ignored/>
  </testcase> <!-- enterPassword -->
</testsuite> <!-- Default test -->
