<?xml version="1.0" encoding="UTF-8"?>
<testng-results ignored="0" total="5" passed="5" failed="0" skipped="0">
  <reporter-output>
  </reporter-output>
  <suite started-at="2023-11-18T08:10:07 IST" name="Default suite" finished-at="2023-11-18T08:10:46 IST" duration-ms="38759">
    <groups>
    </groups>
    <test started-at="2023-11-18T08:10:07 IST" name="Default test" finished-at="2023-11-18T08:10:46 IST" duration-ms="38759">
      <class name="Tests.LoginAndLogoutTest">
        <test-method is-config="true" signature="launchBrowser()[pri:0, instance:Tests.LoginAndLogoutTest@55b699ef]" started-at="2023-11-18T08:09:56 IST" name="launchBrowser" finished-at="2023-11-18T08:10:07 IST" duration-ms="11369" status="PASS">
          <reporter-output>
          </reporter-output>
        </test-method> <!-- launchBrowser -->
        <test-method is-config="true" signature="launchURL()[pri:0, instance:Tests.LoginAndLogoutTest@55b699ef]" started-at="2023-11-18T08:10:07 IST" name="launchURL" finished-at="2023-11-18T08:10:10 IST" duration-ms="3359" status="PASS">
          <reporter-output>
          </reporter-output>
        </test-method> <!-- launchURL -->
        <test-method is-config="true" signature="wait1()[pri:0, instance:Tests.LoginAndLogoutTest@55b699ef]" started-at="2023-11-18T08:10:11 IST" name="wait1" finished-at="2023-11-18T08:10:11 IST" duration-ms="13" status="PASS">
          <reporter-output>
          </reporter-output>
        </test-method> <!-- wait1 -->
        <test-method signature="enterUsername()[pri:1, instance:Tests.LoginAndLogoutTest@55b699ef]" started-at="2023-11-18T08:10:11 IST" name="enterUsername" finished-at="2023-11-18T08:10:22 IST" duration-ms="11411" status="PASS">
          <reporter-output>
          </reporter-output>
        </test-method> <!-- enterUsername -->
        <test-method is-config="true" signature="wait2()[pri:0, instance:Tests.LoginAndLogoutTest@55b699ef]" started-at="2023-11-18T08:10:22 IST" name="wait2" finished-at="2023-11-18T08:10:22 IST" duration-ms="13" status="PASS">
          <reporter-output>
          </reporter-output>
        </test-method> <!-- wait2 -->
        <test-method is-config="true" signature="wait1()[pri:0, instance:Tests.LoginAndLogoutTest@55b699ef]" started-at="2023-11-18T08:10:22 IST" name="wait1" finished-at="2023-11-18T08:10:22 IST" duration-ms="17" status="PASS">
          <reporter-output>
          </reporter-output>
        </test-method> <!-- wait1 -->
        <test-method signature="enterPassword()[pri:2, instance:Tests.LoginAndLogoutTest@55b699ef]" started-at="2023-11-18T08:10:22 IST" name="enterPassword" finished-at="2023-11-18T08:10:22 IST" duration-ms="297" status="PASS">
          <reporter-output>
          </reporter-output>
        </test-method> <!-- enterPassword -->
        <test-method is-config="true" signature="wait2()[pri:0, instance:Tests.LoginAndLogoutTest@55b699ef]" started-at="2023-11-18T08:10:22 IST" name="wait2" finished-at="2023-11-18T08:10:22 IST" duration-ms="22" status="PASS">
          <reporter-output>
          </reporter-output>
        </test-method> <!-- wait2 -->
        <test-method is-config="true" signature="wait1()[pri:0, instance:Tests.LoginAndLogoutTest@55b699ef]" started-at="2023-11-18T08:10:22 IST" name="wait1" finished-at="2023-11-18T08:10:22 IST" duration-ms="18" status="PASS">
          <reporter-output>
          </reporter-output>
        </test-method> <!-- wait1 -->
        <test-method signature="clickLogin()[pri:3, instance:Tests.LoginAndLogoutTest@55b699ef]" started-at="2023-11-18T08:10:22 IST" name="clickLogin" finished-at="2023-11-18T08:10:27 IST" duration-ms="4740" status="PASS">
          <reporter-output>
          </reporter-output>
        </test-method> <!-- clickLogin -->
        <test-method is-config="true" signature="wait2()[pri:0, instance:Tests.LoginAndLogoutTest@55b699ef]" started-at="2023-11-18T08:10:27 IST" name="wait2" finished-at="2023-11-18T08:10:27 IST" duration-ms="16" status="PASS">
          <reporter-output>
          </reporter-output>
        </test-method> <!-- wait2 -->
        <test-method is-config="true" signature="wait1()[pri:0, instance:Tests.LoginAndLogoutTest@55b699ef]" started-at="2023-11-18T08:10:27 IST" name="wait1" finished-at="2023-11-18T08:10:27 IST" duration-ms="16" status="PASS">
          <reporter-output>
          </reporter-output>
        </test-method> <!-- wait1 -->
        <test-method signature="click_PaulCoolings()[pri:4, instance:Tests.LoginAndLogoutTest@55b699ef]" started-at="2023-11-18T08:10:27 IST" name="click_PaulCoolings" finished-at="2023-11-18T08:10:36 IST" duration-ms="8954" status="PASS">
          <reporter-output>
          </reporter-output>
        </test-method> <!-- click_PaulCoolings -->
        <test-method is-config="true" signature="wait2()[pri:0, instance:Tests.LoginAndLogoutTest@55b699ef]" started-at="2023-11-18T08:10:36 IST" name="wait2" finished-at="2023-11-18T08:10:36 IST" duration-ms="76" status="PASS">
          <reporter-output>
          </reporter-output>
        </test-method> <!-- wait2 -->
        <test-method is-config="true" signature="wait1()[pri:0, instance:Tests.LoginAndLogoutTest@55b699ef]" started-at="2023-11-18T08:10:36 IST" name="wait1" finished-at="2023-11-18T08:10:36 IST" duration-ms="20" status="PASS">
          <reporter-output>
          </reporter-output>
        </test-method> <!-- wait1 -->
        <test-method signature="click_Logout()[pri:5, instance:Tests.LoginAndLogoutTest@55b699ef]" started-at="2023-11-18T08:10:36 IST" name="click_Logout" finished-at="2023-11-18T08:10:46 IST" duration-ms="9517" status="PASS">
          <reporter-output>
          </reporter-output>
        </test-method> <!-- click_Logout -->
        <test-method is-config="true" signature="wait2()[pri:0, instance:Tests.LoginAndLogoutTest@55b699ef]" started-at="2023-11-18T08:10:46 IST" name="wait2" finished-at="2023-11-18T08:10:46 IST" duration-ms="24" status="PASS">
          <reporter-output>
          </reporter-output>
        </test-method> <!-- wait2 -->
        <test-method is-config="true" signature="closeBrowser()[pri:0, instance:Tests.LoginAndLogoutTest@55b699ef]" started-at="2023-11-18T08:10:46 IST" name="closeBrowser" finished-at="2023-11-18T08:11:02 IST" duration-ms="15528" status="PASS">
          <reporter-output>
          </reporter-output>
        </test-method> <!-- closeBrowser -->
      </class> <!-- Tests.LoginAndLogoutTest -->
    </test> <!-- Default test -->
  </suite> <!-- Default suite -->
</testng-results>
