<?xml version="1.0" encoding="UTF-8"?>
<!-- Generated by org.testng.reporters.JUnitXMLReporter -->
<testsuite ignored="0" hostname="LAPTOP-3BL16AQ1" failures="0" tests="6" name="Test" time="29.426" errors="0" timestamp="2023-11-10T07:48:36 IST">
  <testcase classname="TestNG.LoginToOrangeHRM" name="enterUsername" time="1.413"/>
  <testcase classname="TestNG.LoginToOrangeHRM_Edge" name="enterUsername" time="2.818"/>
  <testcase classname="TestNG.LoginToOrangeHRM" name="enterPassword" time="5.479"/>
  <testcase classname="TestNG.LoginToOrangeHRM_Edge" name="enterPassword" time="1.117"/>
  <testcase classname="TestNG.LoginToOrangeHRM" name="clickLogin" time="3.25"/>
  <testcase classname="TestNG.LoginToOrangeHRM_Edge" name="clickLogin" time="2.172"/>
</testsuite> <!-- Test -->
